<?xml version="1.0" encoding="UTF-8"?>
<testsuite name="io.reflectoring.UserControllerProviderTest" tests="2" skipped="0" failures="2" errors="0" timestamp="2018-05-21T14:54:11" hostname="dani-Latitude-E5550" time="9.225">
  <properties/>
  <testcase name="userclient - a request to PUT a person" classname="io.reflectoring.UserControllerProviderTest" time="9.152">
    <failure message="java.lang.AssertionError: &#10;0 - $ -&gt; [{mismatch=Expected firstName='Zaphod' but was missing, diff={&#10;-    &quot;firstName&quot;: &quot;Zaphod&quot;,&#10;-    &quot;lastName&quot;: &quot;Beeblebrox&quot;&#10;+    &quot;path&quot;: &quot;/user-service/users/42&quot;,&#10;+    &quot;timestamp&quot;: 1526914458678,&#10;+    &quot;exception&quot;: &quot;org.springframework.http.converter.HttpMessageNotReadableException&quot;,&#10;+    &quot;error&quot;: &quot;Bad Request&quot;,&#10;+    &quot;status&quot;: 400,&#10;+    &quot;message&quot;: &quot;Required request body is missing: public org.springframework.http.ResponseEntity&lt;io.reflectoring.User&gt; io.reflectoring.UserController.updateUser(io.reflectoring.User,long)&quot;&#10;}}, {mismatch=Expected lastName='Beeblebrox' but was missing, diff={&#10;-    &quot;firstName&quot;: &quot;Zaphod&quot;,&#10;-    &quot;lastName&quot;: &quot;Beeblebrox&quot;&#10;+    &quot;path&quot;: &quot;/user-service/users/42&quot;,&#10;+    &quot;timestamp&quot;: 1526914458678,&#10;+    &quot;exception&quot;: &quot;org.springframework.http.converter.HttpMessageNotReadableException&quot;,&#10;+    &quot;error&quot;: &quot;Bad Request&quot;,&#10;+    &quot;status&quot;: 400,&#10;+    &quot;message&quot;: &quot;Required request body is missing: public org.springframework.http.ResponseEntity&lt;io.reflectoring.User&gt; io.reflectoring.UserController.updateUser(io.reflectoring.User,long)&quot;&#10;}}]&#10;1 - Expected 'application/json;charset=UTF-8' to match 'application/json'&#10;2 - assert expectedStatus == actualStatus&#10;           |              |  |&#10;           200            |  400&#10;                          false&#10;" type="java.lang.AssertionError">java.lang.AssertionError: 
0 - $ -&gt; [{mismatch=Expected firstName='Zaphod' but was missing, diff={
-    &quot;firstName&quot;: &quot;Zaphod&quot;,
-    &quot;lastName&quot;: &quot;Beeblebrox&quot;
+    &quot;path&quot;: &quot;/user-service/users/42&quot;,
+    &quot;timestamp&quot;: 1526914458678,
+    &quot;exception&quot;: &quot;org.springframework.http.converter.HttpMessageNotReadableException&quot;,
+    &quot;error&quot;: &quot;Bad Request&quot;,
+    &quot;status&quot;: 400,
+    &quot;message&quot;: &quot;Required request body is missing: public org.springframework.http.ResponseEntity&lt;io.reflectoring.User&gt; io.reflectoring.UserController.updateUser(io.reflectoring.User,long)&quot;
}}, {mismatch=Expected lastName='Beeblebrox' but was missing, diff={
-    &quot;firstName&quot;: &quot;Zaphod&quot;,
-    &quot;lastName&quot;: &quot;Beeblebrox&quot;
+    &quot;path&quot;: &quot;/user-service/users/42&quot;,
+    &quot;timestamp&quot;: 1526914458678,
+    &quot;exception&quot;: &quot;org.springframework.http.converter.HttpMessageNotReadableException&quot;,
+    &quot;error&quot;: &quot;Bad Request&quot;,
+    &quot;status&quot;: 400,
+    &quot;message&quot;: &quot;Required request body is missing: public org.springframework.http.ResponseEntity&lt;io.reflectoring.User&gt; io.reflectoring.UserController.updateUser(io.reflectoring.User,long)&quot;
}}]
1 - Expected 'application/json;charset=UTF-8' to match 'application/json'
2 - assert expectedStatus == actualStatus
           |              |  |
           200            |  400
                          false

	at au.com.dius.pact.provider.junit.target.BaseTarget.getAssertionError(BaseTarget.java:90)
	at au.com.dius.pact.provider.junit.target.HttpTarget.testInteraction(HttpTarget.java:125)
	at au.com.dius.pact.provider.junit.InteractionRunner$2.evaluate(InteractionRunner.java:230)
	at au.com.dius.pact.provider.junit.RunStateChanges.evaluate(RunStateChanges.java:31)
	at au.com.dius.pact.provider.junit.InteractionRunner.run(InteractionRunner.java:167)
	at au.com.dius.pact.provider.junit.PactRunner.runChild(PactRunner.kt:117)
	at au.com.dius.pact.provider.junit.PactRunner.runChild(PactRunner.kt:50)
	at org.junit.runners.ParentRunner$3.run(ParentRunner.java:290)
	at org.junit.runners.ParentRunner$1.schedule(ParentRunner.java:71)
	at org.junit.runners.ParentRunner.runChildren(ParentRunner.java:288)
	at org.junit.runners.ParentRunner.access$000(ParentRunner.java:58)
	at org.junit.runners.ParentRunner$2.evaluate(ParentRunner.java:268)
	at org.springframework.test.context.junit4.statements.RunBeforeTestClassCallbacks.evaluate(RunBeforeTestClassCallbacks.java:61)
	at org.springframework.test.context.junit4.statements.RunAfterTestClassCallbacks.evaluate(RunAfterTestClassCallbacks.java:70)
	at org.junit.runners.ParentRunner.run(ParentRunner.java:363)
	at org.gradle.api.internal.tasks.testing.junit.JUnitTestClassExecuter.runTestClass(JUnitTestClassExecuter.java:114)
	at org.gradle.api.internal.tasks.testing.junit.JUnitTestClassExecuter.execute(JUnitTestClassExecuter.java:57)
	at org.gradle.api.internal.tasks.testing.junit.JUnitTestClassProcessor.processTestClass(JUnitTestClassProcessor.java:66)
	at org.gradle.api.internal.tasks.testing.SuiteTestClassProcessor.processTestClass(SuiteTestClassProcessor.java:51)
	at sun.reflect.NativeMethodAccessorImpl.invoke0(Native Method)
	at sun.reflect.NativeMethodAccessorImpl.invoke(NativeMethodAccessorImpl.java:62)
	at sun.reflect.DelegatingMethodAccessorImpl.invoke(DelegatingMethodAccessorImpl.java:43)
	at java.lang.reflect.Method.invoke(Method.java:498)
	at org.gradle.internal.dispatch.ReflectionDispatch.dispatch(ReflectionDispatch.java:35)
	at org.gradle.internal.dispatch.ReflectionDispatch.dispatch(ReflectionDispatch.java:24)
	at org.gradle.internal.dispatch.ContextClassLoaderDispatch.dispatch(ContextClassLoaderDispatch.java:32)
	at org.gradle.internal.dispatch.ProxyDispatchAdapter$DispatchingInvocationHandler.invoke(ProxyDispatchAdapter.java:93)
	at com.sun.proxy.$Proxy1.processTestClass(Unknown Source)
	at org.gradle.api.internal.tasks.testing.worker.TestWorker.processTestClass(TestWorker.java:108)
	at sun.reflect.NativeMethodAccessorImpl.invoke0(Native Method)
	at sun.reflect.NativeMethodAccessorImpl.invoke(NativeMethodAccessorImpl.java:62)
	at sun.reflect.DelegatingMethodAccessorImpl.invoke(DelegatingMethodAccessorImpl.java:43)
	at java.lang.reflect.Method.invoke(Method.java:498)
	at org.gradle.internal.dispatch.ReflectionDispatch.dispatch(ReflectionDispatch.java:35)
	at org.gradle.internal.dispatch.ReflectionDispatch.dispatch(ReflectionDispatch.java:24)
	at org.gradle.internal.remote.internal.hub.MessageHubBackedObjectConnection$DispatchWrapper.dispatch(MessageHubBackedObjectConnection.java:146)
	at org.gradle.internal.remote.internal.hub.MessageHubBackedObjectConnection$DispatchWrapper.dispatch(MessageHubBackedObjectConnection.java:128)
	at org.gradle.internal.remote.internal.hub.MessageHub$Handler.run(MessageHub.java:404)
	at org.gradle.internal.concurrent.ExecutorPolicy$CatchAndRecordFailures.onExecute(ExecutorPolicy.java:63)
	at org.gradle.internal.concurrent.ManagedExecutorImpl$1.run(ManagedExecutorImpl.java:46)
	at java.util.concurrent.ThreadPoolExecutor.runWorker(ThreadPoolExecutor.java:1149)
	at java.util.concurrent.ThreadPoolExecutor$Worker.run(ThreadPoolExecutor.java:624)
	at org.gradle.internal.concurrent.ThreadFactoryImpl$ManagedThreadRunnable.run(ThreadFactoryImpl.java:55)
	at java.lang.Thread.run(Thread.java:748)
</failure>
  </testcase>
  <testcase name="userclient - a request to POST a person" classname="io.reflectoring.UserControllerProviderTest" time="0.073">
    <failure message="java.lang.AssertionError: &#10;0 - Expected 'application/json;charset=UTF-8' to match 'application/json'&#10;1 - assert expectedStatus == actualStatus&#10;           |              |  |&#10;           201            |  400&#10;                          false&#10;&#10;2 - $ -&gt; [{mismatch=Expected id=42 but was missing, diff={&#10;-    &quot;id&quot;: 42&#10;+    &quot;path&quot;: &quot;/user-service/users&quot;,&#10;+    &quot;timestamp&quot;: 1526914460322,&#10;+    &quot;exception&quot;: &quot;org.springframework.http.converter.HttpMessageNotReadableException&quot;,&#10;+    &quot;error&quot;: &quot;Bad Request&quot;,&#10;+    &quot;status&quot;: 400,&#10;+    &quot;message&quot;: &quot;Required request body is missing: public org.springframework.http.ResponseEntity&lt;io.reflectoring.IdObject&gt; io.reflectoring.UserController.createUser(io.reflectoring.User)&quot;&#10;}}]" type="java.lang.AssertionError">java.lang.AssertionError: 
0 - Expected 'application/json;charset=UTF-8' to match 'application/json'
1 - assert expectedStatus == actualStatus
           |              |  |
           201            |  400
                          false

2 - $ -&gt; [{mismatch=Expected id=42 but was missing, diff={
-    &quot;id&quot;: 42
+    &quot;path&quot;: &quot;/user-service/users&quot;,
+    &quot;timestamp&quot;: 1526914460322,
+    &quot;exception&quot;: &quot;org.springframework.http.converter.HttpMessageNotReadableException&quot;,
+    &quot;error&quot;: &quot;Bad Request&quot;,
+    &quot;status&quot;: 400,
+    &quot;message&quot;: &quot;Required request body is missing: public org.springframework.http.ResponseEntity&lt;io.reflectoring.IdObject&gt; io.reflectoring.UserController.createUser(io.reflectoring.User)&quot;
}}]
	at au.com.dius.pact.provider.junit.target.BaseTarget.getAssertionError(BaseTarget.java:90)
	at au.com.dius.pact.provider.junit.target.HttpTarget.testInteraction(HttpTarget.java:125)
	at au.com.dius.pact.provider.junit.InteractionRunner$2.evaluate(InteractionRunner.java:230)
	at au.com.dius.pact.provider.junit.RunStateChanges.evaluate(RunStateChanges.java:31)
	at au.com.dius.pact.provider.junit.InteractionRunner.run(InteractionRunner.java:167)
	at au.com.dius.pact.provider.junit.PactRunner.runChild(PactRunner.kt:117)
	at au.com.dius.pact.provider.junit.PactRunner.runChild(PactRunner.kt:50)
	at org.junit.runners.ParentRunner$3.run(ParentRunner.java:290)
	at org.junit.runners.ParentRunner$1.schedule(ParentRunner.java:71)
	at org.junit.runners.ParentRunner.runChildren(ParentRunner.java:288)
	at org.junit.runners.ParentRunner.access$000(ParentRunner.java:58)
	at org.junit.runners.ParentRunner$2.evaluate(ParentRunner.java:268)
	at org.springframework.test.context.junit4.statements.RunBeforeTestClassCallbacks.evaluate(RunBeforeTestClassCallbacks.java:61)
	at org.springframework.test.context.junit4.statements.RunAfterTestClassCallbacks.evaluate(RunAfterTestClassCallbacks.java:70)
	at org.junit.runners.ParentRunner.run(ParentRunner.java:363)
	at org.gradle.api.internal.tasks.testing.junit.JUnitTestClassExecuter.runTestClass(JUnitTestClassExecuter.java:114)
	at org.gradle.api.internal.tasks.testing.junit.JUnitTestClassExecuter.execute(JUnitTestClassExecuter.java:57)
	at org.gradle.api.internal.tasks.testing.junit.JUnitTestClassProcessor.processTestClass(JUnitTestClassProcessor.java:66)
	at org.gradle.api.internal.tasks.testing.SuiteTestClassProcessor.processTestClass(SuiteTestClassProcessor.java:51)
	at sun.reflect.NativeMethodAccessorImpl.invoke0(Native Method)
	at sun.reflect.NativeMethodAccessorImpl.invoke(NativeMethodAccessorImpl.java:62)
	at sun.reflect.DelegatingMethodAccessorImpl.invoke(DelegatingMethodAccessorImpl.java:43)
	at java.lang.reflect.Method.invoke(Method.java:498)
	at org.gradle.internal.dispatch.ReflectionDispatch.dispatch(ReflectionDispatch.java:35)
	at org.gradle.internal.dispatch.ReflectionDispatch.dispatch(ReflectionDispatch.java:24)
	at org.gradle.internal.dispatch.ContextClassLoaderDispatch.dispatch(ContextClassLoaderDispatch.java:32)
	at org.gradle.internal.dispatch.ProxyDispatchAdapter$DispatchingInvocationHandler.invoke(ProxyDispatchAdapter.java:93)
	at com.sun.proxy.$Proxy1.processTestClass(Unknown Source)
	at org.gradle.api.internal.tasks.testing.worker.TestWorker.processTestClass(TestWorker.java:108)
	at sun.reflect.NativeMethodAccessorImpl.invoke0(Native Method)
	at sun.reflect.NativeMethodAccessorImpl.invoke(NativeMethodAccessorImpl.java:62)
	at sun.reflect.DelegatingMethodAccessorImpl.invoke(DelegatingMethodAccessorImpl.java:43)
	at java.lang.reflect.Method.invoke(Method.java:498)
	at org.gradle.internal.dispatch.ReflectionDispatch.dispatch(ReflectionDispatch.java:35)
	at org.gradle.internal.dispatch.ReflectionDispatch.dispatch(ReflectionDispatch.java:24)
	at org.gradle.internal.remote.internal.hub.MessageHubBackedObjectConnection$DispatchWrapper.dispatch(MessageHubBackedObjectConnection.java:146)
	at org.gradle.internal.remote.internal.hub.MessageHubBackedObjectConnection$DispatchWrapper.dispatch(MessageHubBackedObjectConnection.java:128)
	at org.gradle.internal.remote.internal.hub.MessageHub$Handler.run(MessageHub.java:404)
	at org.gradle.internal.concurrent.ExecutorPolicy$CatchAndRecordFailures.onExecute(ExecutorPolicy.java:63)
	at org.gradle.internal.concurrent.ManagedExecutorImpl$1.run(ManagedExecutorImpl.java:46)
	at java.util.concurrent.ThreadPoolExecutor.runWorker(ThreadPoolExecutor.java:1149)
	at java.util.concurrent.ThreadPoolExecutor$Worker.run(ThreadPoolExecutor.java:624)
	at org.gradle.internal.concurrent.ThreadFactoryImpl$ManagedThreadRunnable.run(ThreadFactoryImpl.java:55)
	at java.lang.Thread.run(Thread.java:748)
</failure>
  </testcase>
  <system-out><![CDATA[16:54:10.805 [Test worker] DEBUG org.springframework.test.context.BootstrapUtils - Instantiating CacheAwareContextLoaderDelegate from class [org.springframework.test.context.cache.DefaultCacheAwareContextLoaderDelegate]
16:54:10.821 [Test worker] DEBUG org.springframework.test.context.BootstrapUtils - Instantiating BootstrapContext using constructor [public org.springframework.test.context.support.DefaultBootstrapContext(java.lang.Class,org.springframework.test.context.CacheAwareContextLoaderDelegate)]
16:54:10.838 [Test worker] DEBUG org.springframework.test.context.BootstrapUtils - Instantiating TestContextBootstrapper for test class [io.reflectoring.UserControllerProviderTest] from class [org.springframework.boot.test.context.SpringBootTestContextBootstrapper]
16:54:10.853 [Test worker] INFO org.springframework.boot.test.context.SpringBootTestContextBootstrapper - Neither @ContextConfiguration nor @ContextHierarchy found for test class [io.reflectoring.UserControllerProviderTest], using SpringBootContextLoader
16:54:10.857 [Test worker] DEBUG org.springframework.test.context.support.AbstractContextLoader - Did not detect default resource location for test class [io.reflectoring.UserControllerProviderTest]: class path resource [io/reflectoring/UserControllerProviderTest-context.xml] does not exist
16:54:10.857 [Test worker] DEBUG org.springframework.test.context.support.AbstractContextLoader - Did not detect default resource location for test class [io.reflectoring.UserControllerProviderTest]: class path resource [io/reflectoring/UserControllerProviderTestContext.groovy] does not exist
16:54:10.858 [Test worker] INFO org.springframework.test.context.support.AbstractContextLoader - Could not detect default resource locations for test class [io.reflectoring.UserControllerProviderTest]: no resource found for suffixes {-context.xml, Context.groovy}.
16:54:10.859 [Test worker] INFO org.springframework.test.context.support.AnnotationConfigContextLoaderUtils - Could not detect default configuration classes for test class [io.reflectoring.UserControllerProviderTest]: UserControllerProviderTest does not declare any static, non-private, non-final, nested classes annotated with @Configuration.
16:54:10.910 [Test worker] DEBUG org.springframework.test.context.support.ActiveProfilesUtils - Could not find an 'annotation declaring class' for annotation type [org.springframework.test.context.ActiveProfiles] and class [io.reflectoring.UserControllerProviderTest]
16:54:10.918 [Test worker] DEBUG org.springframework.core.env.StandardEnvironment - Adding [systemProperties] PropertySource with lowest search precedence
16:54:10.919 [Test worker] DEBUG org.springframework.core.env.StandardEnvironment - Adding [systemEnvironment] PropertySource with lowest search precedence
16:54:10.920 [Test worker] DEBUG org.springframework.core.env.StandardEnvironment - Initialized StandardEnvironment with PropertySources [systemProperties,systemEnvironment]
16:54:10.928 [Test worker] DEBUG org.springframework.core.io.support.PathMatchingResourcePatternResolver - Resolved classpath location [io/reflectoring/] to resources [URL [file:/home/dani/workspace/pact-code-examples-master/pact/pact-spring-provider/build/classes/java/test/io/reflectoring/], URL [file:/home/dani/workspace/pact-code-examples-master/pact/pact-spring-provider/build/classes/java/main/io/reflectoring/]]
16:54:10.929 [Test worker] DEBUG org.springframework.core.io.support.PathMatchingResourcePatternResolver - Looking for matching resources in directory tree [/home/dani/workspace/pact-code-examples-master/pact/pact-spring-provider/build/classes/java/test/io/reflectoring]
16:54:10.929 [Test worker] DEBUG org.springframework.core.io.support.PathMatchingResourcePatternResolver - Searching directory [/home/dani/workspace/pact-code-examples-master/pact/pact-spring-provider/build/classes/java/test/io/reflectoring] for files matching pattern [/home/dani/workspace/pact-code-examples-master/pact/pact-spring-provider/build/classes/java/test/io/reflectoring/*.class]
16:54:10.932 [Test worker] DEBUG org.springframework.core.io.support.PathMatchingResourcePatternResolver - Looking for matching resources in directory tree [/home/dani/workspace/pact-code-examples-master/pact/pact-spring-provider/build/classes/java/main/io/reflectoring]
16:54:10.932 [Test worker] DEBUG org.springframework.core.io.support.PathMatchingResourcePatternResolver - Searching directory [/home/dani/workspace/pact-code-examples-master/pact/pact-spring-provider/build/classes/java/main/io/reflectoring] for files matching pattern [/home/dani/workspace/pact-code-examples-master/pact/pact-spring-provider/build/classes/java/main/io/reflectoring/*.class]
16:54:10.933 [Test worker] DEBUG org.springframework.core.io.support.PathMatchingResourcePatternResolver - Resolved location pattern [classpath*:io/reflectoring/*.class] to resources [file [/home/dani/workspace/pact-code-examples-master/pact/pact-spring-provider/build/classes/java/test/io/reflectoring/UserControllerProviderTest.class], file [/home/dani/workspace/pact-code-examples-master/pact/pact-spring-provider/build/classes/java/main/io/reflectoring/DemoApplication.class], file [/home/dani/workspace/pact-code-examples-master/pact/pact-spring-provider/build/classes/java/main/io/reflectoring/IdObject.class], file [/home/dani/workspace/pact-code-examples-master/pact/pact-spring-provider/build/classes/java/main/io/reflectoring/User.class], file [/home/dani/workspace/pact-code-examples-master/pact/pact-spring-provider/build/classes/java/main/io/reflectoring/UserController.class], file [/home/dani/workspace/pact-code-examples-master/pact/pact-spring-provider/build/classes/java/main/io/reflectoring/UserRepository.class]]
16:54:10.988 [Test worker] DEBUG org.springframework.context.annotation.ClassPathScanningCandidateComponentProvider - Identified candidate component class: file [/home/dani/workspace/pact-code-examples-master/pact/pact-spring-provider/build/classes/java/main/io/reflectoring/DemoApplication.class]
16:54:11.003 [Test worker] INFO org.springframework.boot.test.context.SpringBootTestContextBootstrapper - Found @SpringBootConfiguration io.reflectoring.DemoApplication for test class io.reflectoring.UserControllerProviderTest
16:54:11.006 [Test worker] DEBUG org.springframework.boot.test.context.SpringBootTestContextBootstrapper - @TestExecutionListeners is not present for class [io.reflectoring.UserControllerProviderTest]: using defaults.
16:54:11.010 [Test worker] INFO org.springframework.boot.test.context.SpringBootTestContextBootstrapper - Loaded default TestExecutionListener class names from location [META-INF/spring.factories]: [org.springframework.boot.test.autoconfigure.restdocs.RestDocsTestExecutionListener, org.springframework.boot.test.autoconfigure.web.client.MockRestServiceServerResetTestExecutionListener, org.springframework.boot.test.autoconfigure.web.servlet.MockMvcPrintOnlyOnFailureTestExecutionListener, org.springframework.boot.test.autoconfigure.web.servlet.WebDriverTestExecutionListener, org.springframework.boot.test.mock.mockito.MockitoTestExecutionListener, org.springframework.boot.test.mock.mockito.ResetMocksTestExecutionListener, org.springframework.test.context.web.ServletTestExecutionListener, org.springframework.test.context.support.DirtiesContextBeforeModesTestExecutionListener, org.springframework.test.context.support.DependencyInjectionTestExecutionListener, org.springframework.test.context.support.DirtiesContextTestExecutionListener, org.springframework.test.context.transaction.TransactionalTestExecutionListener, org.springframework.test.context.jdbc.SqlScriptsTestExecutionListener]
16:54:11.092 [Test worker] INFO org.springframework.boot.test.context.SpringBootTestContextBootstrapper - Using TestExecutionListeners: [org.springframework.test.context.web.ServletTestExecutionListener@169811dc, org.springframework.test.context.support.DirtiesContextBeforeModesTestExecutionListener@b4408ed, org.springframework.boot.test.autoconfigure.SpringBootDependencyInjectionTestExecutionListener@45b0e65a, org.springframework.test.context.support.DirtiesContextTestExecutionListener@f716244, org.springframework.test.context.transaction.TransactionalTestExecutionListener@59b18487, org.springframework.test.context.jdbc.SqlScriptsTestExecutionListener@7299fc3c, org.springframework.boot.test.mock.mockito.ResetMocksTestExecutionListener@30595603, org.springframework.boot.test.autoconfigure.web.servlet.MockMvcPrintOnlyOnFailureTestExecutionListener@34be610e, org.springframework.boot.test.autoconfigure.web.servlet.WebDriverTestExecutionListener@617e4ea2, org.springframework.boot.test.autoconfigure.web.client.MockRestServiceServerResetTestExecutionListener@5c3b26ad, org.springframework.boot.test.mock.mockito.MockitoTestExecutionListener@26a88a67, org.springframework.boot.test.autoconfigure.restdocs.RestDocsTestExecutionListener@61d929ad]
16:54:11.140 [Test worker] DEBUG org.springframework.test.context.support.AbstractDirtiesContextTestExecutionListener - Before test class: context [DefaultTestContext@6229978d testClass = UserControllerProviderTest, testInstance = [null], testMethod = [null], testException = [null], mergedContextConfiguration = [WebMergedContextConfiguration@4ce61b2c testClass = UserControllerProviderTest, locations = '{}', classes = '{class io.reflectoring.DemoApplication}', contextInitializerClasses = '[]', activeProfiles = '{}', propertySourceLocations = '{}', propertySourceProperties = '{org.springframework.boot.test.context.SpringBootTestContextBootstrapper=true}', contextCustomizers = set[org.springframework.boot.test.autoconfigure.properties.PropertyMappingContextCustomizer@0, org.springframework.boot.test.autoconfigure.web.servlet.WebDriverContextCustomizerFactory$Customizer@61760cbf, org.springframework.boot.test.context.SpringBootTestContextCustomizer@68a3ac5, org.springframework.boot.test.context.filter.ExcludeFilterContextCustomizer@6eee646d, org.springframework.boot.test.json.DuplicateJsonObjectContextCustomizerFactory$DuplicateJsonObjectContextCustomizer@62e01bc6, org.springframework.boot.test.mock.mockito.MockitoContextCustomizer@68177300], resourceBasePath = 'src/main/webapp', contextLoader = 'org.springframework.boot.test.context.SpringBootContextLoader', parent = [null]]], class annotated with @DirtiesContext [false] with mode [null].
16:54:11.200 [Test worker] DEBUG org.springframework.core.env.StandardEnvironment - Adding [systemProperties] PropertySource with lowest search precedence
16:54:11.200 [Test worker] DEBUG org.springframework.core.env.StandardEnvironment - Adding [systemEnvironment] PropertySource with lowest search precedence
16:54:11.200 [Test worker] DEBUG org.springframework.core.env.StandardEnvironment - Initialized StandardEnvironment with PropertySources [systemProperties,systemEnvironment]
16:54:11.202 [Test worker] DEBUG org.springframework.core.env.MutablePropertySources - Adding [inline] PropertySource with highest search precedence
16:54:11.206 [Test worker] DEBUG org.springframework.test.context.support.TestPropertySourceUtils - Adding inlined properties to environment: {spring.jmx.enabled=false, org.springframework.boot.test.context.SpringBootTestContextBootstrapper=true, server.port=-1}
16:54:11.207 [Test worker] DEBUG org.springframework.core.env.StandardEnvironment - Adding [Inlined Test Properties] PropertySource with highest search precedence

  .   ____          _            __ _ _
 /\\ / ___'_ __ _ _(_)_ __  __ _ \ \ \ \
( ( )\___ | '_ | '_| | '_ \/ _` | \ \ \ \
 \\/  ___)| |_)| | | | | || (_| |  ) ) ) )
  '  |____| .__|_| |_|_| |_\__, | / / / /
 =========|_|==============|___/=/_/_/_/
 :: Spring Boot ::        (v1.5.4.RELEASE)

2018-05-21 16:54:11.572  WARN 31642 --- [    Test worker] ory$DuplicateJsonObjectContextCustomizer : 

Found multiple occurrences of org.json.JSONObject on the class path:

	jar:file:/home/dani/.m2/repository/com/vaadin/external/google/android-json/0.0.20131108.vaadin1/android-json-0.0.20131108.vaadin1.jar!/org/json/JSONObject.class
	jar:file:/home/dani/.m2/repository/org/json/json/20140107/json-20140107.jar!/org/json/JSONObject.class

You may wish to exclude one of them to ensure predictable runtime behaviour

2018-05-21 16:54:11.594  INFO 31642 --- [    Test worker] i.r.UserControllerProviderTest           : Starting UserControllerProviderTest on dani-Latitude-E5550 with PID 31642 (started by dani in /home/dani/workspace/pact-code-examples-master/pact/pact-spring-provider)
2018-05-21 16:54:11.595  INFO 31642 --- [    Test worker] i.r.UserControllerProviderTest           : No active profile set, falling back to default profiles: default
2018-05-21 16:54:11.699  INFO 31642 --- [    Test worker] o.s.w.c.s.GenericWebApplicationContext   : Refreshing org.springframework.web.context.support.GenericWebApplicationContext@166d46c9: startup date [Mon May 21 16:54:11 CEST 2018]; root of context hierarchy
2018-05-21 16:54:14.558  INFO 31642 --- [    Test worker] j.LocalContainerEntityManagerFactoryBean : Building JPA container EntityManagerFactory for persistence unit 'default'
2018-05-21 16:54:14.582  INFO 31642 --- [    Test worker] o.hibernate.jpa.internal.util.LogHelper  : HHH000204: Processing PersistenceUnitInfo [
	name: default
	...]
2018-05-21 16:54:14.662  INFO 31642 --- [    Test worker] org.hibernate.Version                    : HHH000412: Hibernate Core {5.0.12.Final}
2018-05-21 16:54:14.664  INFO 31642 --- [    Test worker] org.hibernate.cfg.Environment            : HHH000206: hibernate.properties not found
2018-05-21 16:54:14.666  INFO 31642 --- [    Test worker] org.hibernate.cfg.Environment            : HHH000021: Bytecode provider name : javassist
2018-05-21 16:54:14.707  INFO 31642 --- [    Test worker] o.hibernate.annotations.common.Version   : HCANN000001: Hibernate Commons Annotations {5.0.1.Final}
2018-05-21 16:54:14.850  INFO 31642 --- [    Test worker] org.hibernate.dialect.Dialect            : HHH000400: Using dialect: org.hibernate.dialect.H2Dialect
2018-05-21 16:54:15.417  INFO 31642 --- [    Test worker] org.hibernate.tool.hbm2ddl.SchemaExport  : HHH000227: Running hbm2ddl schema export
2018-05-21 16:54:15.438  INFO 31642 --- [    Test worker] org.hibernate.tool.hbm2ddl.SchemaExport  : HHH000230: Schema export complete
2018-05-21 16:54:15.496  INFO 31642 --- [    Test worker] j.LocalContainerEntityManagerFactoryBean : Initialized JPA EntityManagerFactory for persistence unit 'default'
2018-05-21 16:54:15.674  INFO 31642 --- [    Test worker] s.w.s.m.m.a.RequestMappingHandlerMapping : Mapped "{[/user-service/users/{id}],methods=[GET]}" onto public org.springframework.http.ResponseEntity<io.reflectoring.User> io.reflectoring.UserController.getUser(java.lang.Long)
2018-05-21 16:54:15.676  INFO 31642 --- [    Test worker] s.w.s.m.m.a.RequestMappingHandlerMapping : Mapped "{[/user-service/users],methods=[POST]}" onto public org.springframework.http.ResponseEntity<io.reflectoring.IdObject> io.reflectoring.UserController.createUser(io.reflectoring.User)
2018-05-21 16:54:15.676  INFO 31642 --- [    Test worker] s.w.s.m.m.a.RequestMappingHandlerMapping : Mapped "{[/user-service/users/{id}],methods=[PUT]}" onto public org.springframework.http.ResponseEntity<io.reflectoring.User> io.reflectoring.UserController.updateUser(io.reflectoring.User,long)
2018-05-21 16:54:15.681  INFO 31642 --- [    Test worker] s.w.s.m.m.a.RequestMappingHandlerMapping : Mapped "{[/error],produces=[text/html]}" onto public org.springframework.web.servlet.ModelAndView org.springframework.boot.autoconfigure.web.BasicErrorController.errorHtml(javax.servlet.http.HttpServletRequest,javax.servlet.http.HttpServletResponse)
2018-05-21 16:54:15.682  INFO 31642 --- [    Test worker] s.w.s.m.m.a.RequestMappingHandlerMapping : Mapped "{[/error]}" onto public org.springframework.http.ResponseEntity<java.util.Map<java.lang.String, java.lang.Object>> org.springframework.boot.autoconfigure.web.BasicErrorController.error(javax.servlet.http.HttpServletRequest)
2018-05-21 16:54:15.842  INFO 31642 --- [    Test worker] s.w.s.m.m.a.RequestMappingHandlerAdapter : Looking for @ControllerAdvice: org.springframework.web.context.support.GenericWebApplicationContext@166d46c9: startup date [Mon May 21 16:54:11 CEST 2018]; root of context hierarchy
2018-05-21 16:54:17.398  INFO 31642 --- [    Test worker] i.r.UserControllerProviderTest           : Started UserControllerProviderTest in 6.182 seconds (JVM running for 8.511)

Verifying a pact between userclient and userservice
  Given person 42 exists
  a request to PUT a person
    returns a response which
      has status code 200 (FAILED)
      includes headers
        "Content-Type" with value "application/json" (FAILED)
      has a matching body (FAILED)

Failures:

0) a request to PUT a person returns a response which has a matching body
      $ -> Expected firstName='Zaphod' but was missing

        Diff:

        {
        -    "firstName": "Zaphod",
        -    "lastName": "Beeblebrox"
        +    "path": "/user-service/users/42",
        +    "timestamp": 1526914458678,
        +    "exception": "org.springframework.http.converter.HttpMessageNotReadableException",
        +    "error": "Bad Request",
        +    "status": 400,
        +    "message": "Required request body is missing: public org.springframework.http.ResponseEntity<io.reflectoring.User> io.reflectoring.UserController.updateUser(io.reflectoring.User,long)"
        }

      $ -> Expected lastName='Beeblebrox' but was missing

        Diff:

        {
        -    "firstName": "Zaphod",
        -    "lastName": "Beeblebrox"
        +    "path": "/user-service/users/42",
        +    "timestamp": 1526914458678,
        +    "exception": "org.springframework.http.converter.HttpMessageNotReadableException",
        +    "error": "Bad Request",
        +    "status": 400,
        +    "message": "Required request body is missing: public org.springframework.http.ResponseEntity<io.reflectoring.User> io.reflectoring.UserController.updateUser(io.reflectoring.User,long)"
        }


1) a request to PUT a person returns a response which includes headers "Content-Type" with value "application/json"
      Expected 'application/json;charset=UTF-8' to match 'application/json'

2) a request to PUT a person returns a response which has status code 200
      assert expectedStatus == actualStatus
             |              |  |
             200            |  400
                            false


Verifying a pact between userclient and userservice
  Given provider accepts a new person
  a request to POST a person
    returns a response which
      has status code 201 (FAILED)
      includes headers
        "Content-Type" with value "application/json" (FAILED)
      has a matching body (FAILED)

Failures:

0) a request to POST a person returns a response which includes headers "Content-Type" with value "application/json"
      Expected 'application/json;charset=UTF-8' to match 'application/json'

1) a request to POST a person returns a response which has status code 201
      assert expectedStatus == actualStatus
             |              |  |
             201            |  400
                            false

2) a request to POST a person returns a response which has a matching body
      $ -> Expected id=42 but was missing

        Diff:

        {
        -    "id": 42
        +    "path": "/user-service/users",
        +    "timestamp": 1526914460322,
        +    "exception": "org.springframework.http.converter.HttpMessageNotReadableException",
        +    "error": "Bad Request",
        +    "status": 400,
        +    "message": "Required request body is missing: public org.springframework.http.ResponseEntity<io.reflectoring.IdObject> io.reflectoring.UserController.createUser(io.reflectoring.User)"
        }


2018-05-21 16:54:20.389  WARN 31642 --- [    Test worker] a.c.d.p.p.junit.InteractionRunner        : Set the provider version using the pact.provider.version property
]]></system-out>
  <system-err><![CDATA[]]></system-err>
</testsuite>
